TN:
SF:src/modules/tasks/services/CreateTaskService..ts
FN:41,__decorate
FN:41,__metadata
FN:41,__param
FN:41,__awaiter
FN:41,adopt
FN:41,fulfilled
FN:41,rejected
FN:41,step
FN:41,__generator
FN:41,sent
FN:41,g.<computed>
FN:41,verb
FN:41,step
FN:41,__importDefault
FN:15,CreateTaskService
FN:22,CreateTaskService.execute
FNF:16
FNH:14
FNDA:1,__decorate
FNDA:1,__metadata
FNDA:2,__param
FNDA:2,__awaiter
FNDA:3,adopt
FNDA:3,fulfilled
FNDA:0,rejected
FNDA:4,step
FNDA:2,__generator
FNDA:3,sent
FNDA:0,g.<computed>
FNDA:6,verb
FNDA:5,step
FNDA:1,__importDefault
FNDA:2,CreateTaskService
FNDA:2,CreateTaskService.execute
DA:1,1
DA:2,1
DA:3,1
DA:4,1
DA:5,1
DA:6,1
DA:7,1
DA:8,1
DA:9,1
DA:10,1
DA:11,1
DA:12,1
DA:13,1
DA:14,1
DA:15,1
DA:16,2
DA:17,2
DA:18,2
DA:19,2
DA:20,2
DA:21,1
DA:22,1
DA:23,2
DA:24,2
DA:25,2
DA:26,2
DA:27,2
DA:28,2
DA:29,2
DA:30,1
DA:31,1
DA:32,1
DA:33,1
DA:34,1
DA:35,1
DA:36,1
DA:37,1
DA:38,2
DA:39,2
DA:40,2
DA:41,1
LF:41
LH:41
BRDA:41,0,0,1
BRDA:41,1,0,1
BRDA:41,2,0,0
BRDA:41,3,0,0
BRDA:41,4,0,0
BRDA:41,5,0,0
BRDA:41,6,0,1
BRDA:41,7,0,2
BRDA:41,8,0,2
BRDA:41,9,0,2
BRDA:41,10,0,3
BRDA:41,11,0,0
BRDA:41,12,0,2
BRDA:41,13,0,3
BRDA:41,14,0,2
BRDA:41,15,0,1
BRDA:41,16,0,4
BRDA:41,17,0,1
BRDA:41,18,0,3
BRDA:41,19,0,2
BRDA:41,20,0,3
BRDA:41,21,0,0
BRDA:41,22,0,6
BRDA:41,23,0,5
BRDA:41,24,0,5
BRDA:41,25,0,0
BRDA:41,26,0,10
BRDA:41,27,0,0
BRDA:41,28,0,0
BRDA:41,29,0,0
BRDA:41,30,0,0
BRDA:41,31,0,5
BRDA:41,32,0,5
BRDA:41,33,0,3
BRDA:41,34,0,0
BRDA:41,35,0,0
BRDA:41,36,0,2
BRDA:41,37,0,0
BRDA:41,38,0,1
BRDA:41,39,0,0
BRDA:41,40,0,0
BRDA:41,41,0,0
BRDA:41,42,0,0
BRDA:41,43,0,5
BRDA:41,44,0,4
BRDA:41,45,0,1
BRDA:41,46,0,5
BRDA:41,47,0,2
BRDA:41,48,0,1
BRDA:41,49,0,0
BRDA:41,50,0,1
BRDA:41,51,0,0
BRDA:14,52,0,1
BRDA:15,53,0,2
BRDA:22,54,0,2
BRDA:41,55,0,2
BRDA:41,56,0,5
BRDA:27,57,0,2
BRDA:41,58,0,2
BRDA:29,59,0,1
BRDA:41,60,0,1
BRF:61
BRH:41
end_of_record
TN:
SF:src/modules/tasks/services/FinishTaskService.ts
FN:37,__decorate
FN:37,__metadata
FN:37,__param
FN:37,__awaiter
FN:37,adopt
FN:37,fulfilled
FN:37,rejected
FN:37,step
FN:37,__generator
FN:37,sent
FN:37,g.<computed>
FN:37,verb
FN:37,step
FN:37,__importDefault
FN:13,FinishTaskService
FN:18,FinishTaskService.execute
FNF:16
FNH:14
FNDA:1,__decorate
FNDA:1,__metadata
FNDA:1,__param
FNDA:4,__awaiter
FNDA:4,adopt
FNDA:4,fulfilled
FNDA:0,rejected
FNDA:5,step
FNDA:4,__generator
FNDA:4,sent
FNDA:0,g.<computed>
FNDA:12,verb
FNDA:8,step
FNDA:1,__importDefault
FNDA:4,FinishTaskService
FNDA:4,FinishTaskService.execute
DA:1,1
DA:2,1
DA:3,1
DA:4,1
DA:5,1
DA:6,1
DA:7,1
DA:8,1
DA:9,1
DA:10,1
DA:11,1
DA:12,1
DA:13,1
DA:14,4
DA:15,4
DA:16,4
DA:17,1
DA:18,1
DA:19,4
DA:20,4
DA:21,4
DA:22,1
DA:23,1
DA:24,3
DA:25,4
DA:26,1
DA:27,1
DA:28,2
DA:29,4
DA:30,1
DA:31,1
DA:32,1
DA:33,1
DA:34,1
DA:35,1
DA:36,4
DA:37,1
LF:37
LH:37
BRDA:37,0,0,1
BRDA:37,1,0,1
BRDA:37,2,0,0
BRDA:37,3,0,0
BRDA:37,4,0,0
BRDA:37,5,0,0
BRDA:37,6,0,1
BRDA:37,7,0,1
BRDA:37,8,0,1
BRDA:37,9,0,4
BRDA:37,10,0,4
BRDA:37,11,0,0
BRDA:37,12,0,4
BRDA:37,13,0,4
BRDA:37,14,0,1
BRDA:37,15,0,3
BRDA:37,16,0,5
BRDA:37,17,0,1
BRDA:37,18,0,4
BRDA:37,19,0,4
BRDA:37,20,0,4
BRDA:37,21,0,0
BRDA:37,22,0,12
BRDA:37,23,0,8
BRDA:37,24,0,8
BRDA:37,25,0,0
BRDA:37,26,0,16
BRDA:37,27,0,0
BRDA:37,28,0,0
BRDA:37,29,0,0
BRDA:37,30,0,0
BRDA:37,31,0,8
BRDA:37,32,0,8
BRDA:37,33,0,4
BRDA:37,34,0,0
BRDA:37,35,0,0
BRDA:37,36,0,4
BRDA:37,37,0,0
BRDA:37,38,0,1
BRDA:37,39,0,0
BRDA:37,40,0,0
BRDA:37,41,0,0
BRDA:37,42,0,0
BRDA:37,43,0,8
BRDA:37,44,0,5
BRDA:37,45,0,3
BRDA:37,46,0,8
BRDA:37,47,0,4
BRDA:37,48,0,3
BRDA:37,49,0,1
BRDA:37,50,0,0
BRDA:37,51,0,1
BRDA:37,52,0,0
BRDA:12,53,0,1
BRDA:13,54,0,4
BRDA:18,55,0,4
BRDA:37,56,0,4
BRDA:37,57,0,8
BRDA:19,58,0,4
BRDA:37,59,0,4
BRDA:21,60,0,1
BRDA:23,61,0,3
BRDA:25,62,0,1
BRDA:27,63,0,2
BRDA:29,64,0,1
BRF:65
BRH:45
end_of_record
TN:
SF:src/modules/tasks/services/ListUserTasksService.ts
FN:41,__decorate
FN:41,__metadata
FN:41,__param
FN:41,__awaiter
FN:41,adopt
FN:41,fulfilled
FN:41,rejected
FN:41,step
FN:41,__generator
FN:41,sent
FN:41,g.<computed>
FN:41,verb
FN:41,step
FN:41,__importDefault
FN:18,ListUserTasksService
FN:25,ListUserTasksService.execute
FNF:16
FNH:14
FNDA:1,__decorate
FNDA:1,__metadata
FNDA:2,__param
FNDA:2,__awaiter
FNDA:3,adopt
FNDA:3,fulfilled
FNDA:0,rejected
FNDA:4,step
FNDA:2,__generator
FNDA:3,sent
FNDA:0,g.<computed>
FNDA:6,verb
FNDA:5,step
FNDA:1,__importDefault
FNDA:2,ListUserTasksService
FNDA:2,ListUserTasksService.execute
DA:1,1
DA:2,1
DA:3,1
DA:4,1
DA:5,1
DA:6,1
DA:7,1
DA:8,1
DA:9,1
DA:10,1
DA:11,1
DA:12,1
DA:13,1
DA:14,1
DA:15,1
DA:16,1
DA:17,1
DA:18,1
DA:19,2
DA:20,2
DA:21,2
DA:22,2
DA:23,2
DA:24,1
DA:25,1
DA:26,2
DA:27,2
DA:28,2
DA:29,1
DA:30,1
DA:31,1
DA:32,1
DA:33,2
DA:34,2
DA:35,2
DA:36,2
DA:37,2
DA:38,2
DA:39,2
DA:40,2
DA:41,1
LF:41
LH:41
BRDA:41,0,0,1
BRDA:41,1,0,1
BRDA:41,2,0,0
BRDA:41,3,0,0
BRDA:41,4,0,0
BRDA:41,5,0,0
BRDA:41,6,0,1
BRDA:41,7,0,2
BRDA:41,8,0,2
BRDA:41,9,0,2
BRDA:41,10,0,3
BRDA:41,11,0,0
BRDA:41,12,0,2
BRDA:41,13,0,3
BRDA:41,14,0,2
BRDA:41,15,0,1
BRDA:41,16,0,4
BRDA:41,17,0,1
BRDA:41,18,0,3
BRDA:41,19,0,2
BRDA:41,20,0,3
BRDA:41,21,0,0
BRDA:41,22,0,6
BRDA:41,23,0,5
BRDA:41,24,0,5
BRDA:41,25,0,0
BRDA:41,26,0,10
BRDA:41,27,0,0
BRDA:41,28,0,0
BRDA:41,29,0,0
BRDA:41,30,0,0
BRDA:41,31,0,5
BRDA:41,32,0,5
BRDA:41,33,0,3
BRDA:41,34,0,0
BRDA:41,35,0,0
BRDA:41,36,0,2
BRDA:41,37,0,0
BRDA:41,38,0,1
BRDA:41,39,0,0
BRDA:41,40,0,0
BRDA:41,41,0,0
BRDA:41,42,0,0
BRDA:41,43,0,5
BRDA:41,44,0,4
BRDA:41,45,0,1
BRDA:41,46,0,5
BRDA:41,47,0,2
BRDA:41,48,0,1
BRDA:41,49,0,0
BRDA:41,50,0,1
BRDA:41,51,0,0
BRDA:17,52,0,1
BRDA:18,53,0,2
BRDA:25,54,0,2
BRDA:41,55,0,2
BRDA:41,56,0,5
BRDA:26,57,0,2
BRDA:41,58,0,2
BRDA:28,59,0,1
BRDA:41,60,0,1
BRF:61
BRH:41
end_of_record
TN:
SF:src/modules/tasks/services/PauseTaskService.ts
FN:45,__decorate
FN:45,__metadata
FN:45,__param
FN:45,__awaiter
FN:45,adopt
FN:45,fulfilled
FN:45,rejected
FN:45,step
FN:45,__generator
FN:45,sent
FN:45,g.<computed>
FN:45,verb
FN:45,step
FN:45,__importDefault
FN:14,PauseTaskService
FN:19,PauseTaskService.execute
FNF:16
FNH:14
FNDA:1,__decorate
FNDA:1,__metadata
FNDA:1,__param
FNDA:5,__awaiter
FNDA:5,adopt
FNDA:5,fulfilled
FNDA:0,rejected
FNDA:6,step
FNDA:5,__generator
FNDA:5,sent
FNDA:0,g.<computed>
FNDA:15,verb
FNDA:10,step
FNDA:1,__importDefault
FNDA:5,PauseTaskService
FNDA:5,PauseTaskService.execute
DA:1,1
DA:2,1
DA:3,1
DA:4,1
DA:5,1
DA:6,1
DA:7,1
DA:8,1
DA:9,1
DA:10,1
DA:11,1
DA:12,1
DA:13,1
DA:14,1
DA:15,5
DA:16,5
DA:17,5
DA:18,1
DA:19,1
DA:20,5
DA:21,5
DA:22,5
DA:23,1
DA:24,1
DA:25,4
DA:26,5
DA:27,1
DA:28,1
DA:29,3
DA:30,5
DA:31,1
DA:32,1
DA:33,2
DA:34,5
DA:35,1
DA:36,1
DA:37,1
DA:38,1
DA:39,1
DA:40,1
DA:41,1
DA:42,1
DA:43,1
DA:44,5
DA:45,1
LF:45
LH:45
BRDA:45,0,0,1
BRDA:45,1,0,1
BRDA:45,2,0,0
BRDA:45,3,0,0
BRDA:45,4,0,0
BRDA:45,5,0,0
BRDA:45,6,0,1
BRDA:45,7,0,1
BRDA:45,8,0,1
BRDA:45,9,0,5
BRDA:45,10,0,5
BRDA:45,11,0,0
BRDA:45,12,0,5
BRDA:45,13,0,5
BRDA:45,14,0,1
BRDA:45,15,0,4
BRDA:45,16,0,6
BRDA:45,17,0,1
BRDA:45,18,0,5
BRDA:45,19,0,5
BRDA:45,20,0,5
BRDA:45,21,0,0
BRDA:45,22,0,15
BRDA:45,23,0,10
BRDA:45,24,0,10
BRDA:45,25,0,0
BRDA:45,26,0,20
BRDA:45,27,0,0
BRDA:45,28,0,0
BRDA:45,29,0,0
BRDA:45,30,0,0
BRDA:45,31,0,10
BRDA:45,32,0,10
BRDA:45,33,0,5
BRDA:45,34,0,0
BRDA:45,35,0,0
BRDA:45,36,0,5
BRDA:45,37,0,0
BRDA:45,38,0,1
BRDA:45,39,0,0
BRDA:45,40,0,0
BRDA:45,41,0,0
BRDA:45,42,0,0
BRDA:45,43,0,10
BRDA:45,44,0,6
BRDA:45,45,0,4
BRDA:45,46,0,10
BRDA:45,47,0,5
BRDA:45,48,0,4
BRDA:45,49,0,1
BRDA:45,50,0,0
BRDA:45,51,0,1
BRDA:45,52,0,0
BRDA:13,53,0,1
BRDA:14,54,0,5
BRDA:19,55,0,5
BRDA:45,56,0,5
BRDA:45,57,0,10
BRDA:20,58,0,5
BRDA:45,59,0,5
BRDA:22,60,0,1
BRDA:24,61,0,4
BRDA:26,62,0,1
BRDA:28,63,0,3
BRDA:30,64,0,1
BRDA:32,65,0,2
BRDA:34,66,0,1
BRF:67
BRH:47
end_of_record
TN:
SF:src/modules/tasks/services/PlayTaskService.ts
FN:42,__decorate
FN:42,__metadata
FN:42,__param
FN:42,__awaiter
FN:42,adopt
FN:42,fulfilled
FN:42,rejected
FN:42,step
FN:42,__generator
FN:42,sent
FN:42,g.<computed>
FN:42,verb
FN:42,step
FN:42,__importDefault
FN:14,PlayTaskService
FN:19,PlayTaskService.execute
FNF:16
FNH:14
FNDA:1,__decorate
FNDA:1,__metadata
FNDA:1,__param
FNDA:6,__awaiter
FNDA:6,adopt
FNDA:6,fulfilled
FNDA:0,rejected
FNDA:8,step
FNDA:6,__generator
FNDA:6,sent
FNDA:0,g.<computed>
FNDA:18,verb
FNDA:12,step
FNDA:1,__importDefault
FNDA:5,PlayTaskService
FNDA:6,PlayTaskService.execute
DA:1,1
DA:2,1
DA:3,1
DA:4,1
DA:5,1
DA:6,1
DA:7,1
DA:8,1
DA:9,1
DA:10,1
DA:11,1
DA:12,1
DA:13,1
DA:14,1
DA:15,5
DA:16,5
DA:17,5
DA:18,1
DA:19,1
DA:20,6
DA:21,6
DA:22,6
DA:23,1
DA:24,1
DA:25,5
DA:26,6
DA:27,1
DA:28,1
DA:29,4
DA:30,6
DA:31,1
DA:32,1
DA:33,3
DA:34,6
DA:35,1
DA:36,1
DA:37,2
DA:38,2
DA:39,2
DA:40,2
DA:41,6
DA:42,1
LF:42
LH:42
BRDA:42,0,0,1
BRDA:42,1,0,1
BRDA:42,2,0,0
BRDA:42,3,0,0
BRDA:42,4,0,0
BRDA:42,5,0,0
BRDA:42,6,0,1
BRDA:42,7,0,1
BRDA:42,8,0,1
BRDA:42,9,0,6
BRDA:42,10,0,6
BRDA:42,11,0,0
BRDA:42,12,0,6
BRDA:42,13,0,6
BRDA:42,14,0,2
BRDA:42,15,0,4
BRDA:42,16,0,8
BRDA:42,17,0,2
BRDA:42,18,0,6
BRDA:42,19,0,6
BRDA:42,20,0,6
BRDA:42,21,0,0
BRDA:42,22,0,18
BRDA:42,23,0,12
BRDA:42,24,0,12
BRDA:42,25,0,0
BRDA:42,26,0,24
BRDA:42,27,0,0
BRDA:42,28,0,0
BRDA:42,29,0,0
BRDA:42,30,0,0
BRDA:42,31,0,12
BRDA:42,32,0,12
BRDA:42,33,0,6
BRDA:42,34,0,0
BRDA:42,35,0,0
BRDA:42,36,0,6
BRDA:42,37,0,0
BRDA:42,38,0,2
BRDA:42,39,0,0
BRDA:42,40,0,0
BRDA:42,41,0,0
BRDA:42,42,0,0
BRDA:42,43,0,12
BRDA:42,44,0,8
BRDA:42,45,0,4
BRDA:42,46,0,12
BRDA:42,47,0,6
BRDA:42,48,0,4
BRDA:42,49,0,2
BRDA:42,50,0,0
BRDA:42,51,0,1
BRDA:42,52,0,0
BRDA:13,53,0,1
BRDA:14,54,0,5
BRDA:19,55,0,6
BRDA:42,56,0,6
BRDA:42,57,0,12
BRDA:20,58,0,6
BRDA:42,59,0,6
BRDA:22,60,0,1
BRDA:24,61,0,5
BRDA:26,62,0,1
BRDA:28,63,0,4
BRDA:30,64,0,1
BRDA:32,65,0,3
BRDA:34,66,0,1
BRDA:36,67,0,2
BRF:68
BRH:48
end_of_record
TN:
SF:src/modules/users/services/AuthenticateUserService.ts
FN:55,__decorate
FN:55,__metadata
FN:55,__param
FN:55,__awaiter
FN:55,adopt
FN:55,fulfilled
FN:55,rejected
FN:55,step
FN:55,__generator
FN:55,sent
FN:55,g.<computed>
FN:55,verb
FN:55,step
FN:55,__importDefault
FN:21,AuthenticateUserService
FN:28,AuthenticateUserService.execute
FNF:16
FNH:14
FNDA:1,__decorate
FNDA:1,__metadata
FNDA:2,__param
FNDA:3,__awaiter
FNDA:5,adopt
FNDA:5,fulfilled
FNDA:0,rejected
FNDA:6,step
FNDA:3,__generator
FNDA:5,sent
FNDA:0,g.<computed>
FNDA:9,verb
FNDA:8,step
FNDA:2,__importDefault
FNDA:3,AuthenticateUserService
FNDA:3,AuthenticateUserService.execute
DA:1,1
DA:2,1
DA:3,1
DA:4,1
DA:5,1
DA:6,1
DA:7,1
DA:8,1
DA:9,1
DA:10,1
DA:11,1
DA:12,1
DA:13,1
DA:14,1
DA:15,1
DA:16,1
DA:17,1
DA:18,1
DA:19,1
DA:20,1
DA:21,1
DA:22,3
DA:23,3
DA:24,3
DA:25,3
DA:26,3
DA:27,1
DA:28,1
DA:29,3
DA:30,3
DA:31,3
DA:32,1
DA:33,1
DA:34,2
DA:35,2
DA:36,2
DA:37,2
DA:38,2
DA:39,3
DA:40,3
DA:41,1
DA:42,1
DA:43,1
DA:44,1
DA:45,1
DA:46,1
DA:47,1
DA:48,1
DA:49,1
DA:50,1
DA:51,1
DA:52,1
DA:53,1
DA:54,3
DA:55,1
LF:55
LH:55
BRDA:55,0,0,1
BRDA:55,1,0,1
BRDA:55,2,0,0
BRDA:55,3,0,0
BRDA:55,4,0,0
BRDA:55,5,0,0
BRDA:55,6,0,1
BRDA:55,7,0,2
BRDA:55,8,0,2
BRDA:55,9,0,3
BRDA:55,10,0,5
BRDA:55,11,0,0
BRDA:55,12,0,3
BRDA:55,13,0,5
BRDA:55,14,0,3
BRDA:55,15,0,2
BRDA:55,16,0,6
BRDA:55,17,0,1
BRDA:55,18,0,5
BRDA:55,19,0,3
BRDA:55,20,0,5
BRDA:55,21,0,0
BRDA:55,22,0,9
BRDA:55,23,0,8
BRDA:55,24,0,8
BRDA:55,25,0,0
BRDA:55,26,0,16
BRDA:55,27,0,0
BRDA:55,28,0,0
BRDA:55,29,0,0
BRDA:55,30,0,0
BRDA:55,31,0,8
BRDA:55,32,0,8
BRDA:55,33,0,5
BRDA:55,34,0,0
BRDA:55,35,0,0
BRDA:55,36,0,3
BRDA:55,37,0,0
BRDA:55,38,0,1
BRDA:55,39,0,0
BRDA:55,40,0,0
BRDA:55,41,0,0
BRDA:55,42,0,0
BRDA:55,43,0,8
BRDA:55,44,0,6
BRDA:55,45,0,2
BRDA:55,46,0,8
BRDA:55,47,0,3
BRDA:55,48,0,2
BRDA:55,49,0,1
BRDA:55,50,0,0
BRDA:55,51,0,2
BRDA:55,52,0,0
BRDA:20,53,0,1
BRDA:21,54,0,3
BRDA:28,55,0,3
BRDA:55,56,0,3
BRDA:55,57,0,8
BRDA:29,58,0,3
BRDA:55,59,0,3
BRDA:31,60,0,1
BRDA:33,61,0,2
BRDA:55,62,0,2
BRDA:40,63,0,1
BRF:64
BRH:44
end_of_record
TN:
SF:src/modules/users/services/CreateUserService.ts
FN:40,__decorate
FN:40,__metadata
FN:40,__param
FN:40,__awaiter
FN:40,adopt
FN:40,fulfilled
FN:40,rejected
FN:40,step
FN:40,__generator
FN:40,sent
FN:40,g.<computed>
FN:40,verb
FN:40,step
FN:40,__importDefault
FN:16,CreateUserService
FN:23,CreateUserService.execute
FNF:16
FNH:14
FNDA:1,__decorate
FNDA:1,__metadata
FNDA:2,__param
FNDA:2,__awaiter
FNDA:4,adopt
FNDA:4,fulfilled
FNDA:0,rejected
FNDA:5,step
FNDA:2,__generator
FNDA:4,sent
FNDA:0,g.<computed>
FNDA:6,verb
FNDA:6,step
FNDA:1,__importDefault
FNDA:2,CreateUserService
FNDA:2,CreateUserService.execute
DA:1,1
DA:2,1
DA:3,1
DA:4,1
DA:5,1
DA:6,1
DA:7,1
DA:8,1
DA:9,1
DA:10,1
DA:11,1
DA:12,1
DA:13,1
DA:14,1
DA:15,1
DA:16,1
DA:17,2
DA:18,2
DA:19,2
DA:20,2
DA:21,2
DA:22,1
DA:23,1
DA:24,2
DA:25,2
DA:26,2
DA:27,1
DA:28,1
DA:29,1
DA:30,1
DA:31,2
DA:32,2
DA:33,2
DA:34,2
DA:35,2
DA:36,2
DA:37,2
DA:38,2
DA:39,2
DA:40,1
LF:40
LH:40
BRDA:40,0,0,1
BRDA:40,1,0,1
BRDA:40,2,0,0
BRDA:40,3,0,0
BRDA:40,4,0,0
BRDA:40,5,0,0
BRDA:40,6,0,1
BRDA:40,7,0,2
BRDA:40,8,0,2
BRDA:40,9,0,2
BRDA:40,10,0,4
BRDA:40,11,0,0
BRDA:40,12,0,2
BRDA:40,13,0,4
BRDA:40,14,0,3
BRDA:40,15,0,1
BRDA:40,16,0,5
BRDA:40,17,0,1
BRDA:40,18,0,4
BRDA:40,19,0,2
BRDA:40,20,0,4
BRDA:40,21,0,0
BRDA:40,22,0,6
BRDA:40,23,0,6
BRDA:40,24,0,6
BRDA:40,25,0,0
BRDA:40,26,0,12
BRDA:40,27,0,0
BRDA:40,28,0,0
BRDA:40,29,0,0
BRDA:40,30,0,0
BRDA:40,31,0,6
BRDA:40,32,0,6
BRDA:40,33,0,4
BRDA:40,34,0,0
BRDA:40,35,0,0
BRDA:40,36,0,2
BRDA:40,37,0,0
BRDA:40,38,0,1
BRDA:40,39,0,0
BRDA:40,40,0,0
BRDA:40,41,0,0
BRDA:40,42,0,0
BRDA:40,43,0,6
BRDA:40,44,0,5
BRDA:40,45,0,1
BRDA:40,46,0,6
BRDA:40,47,0,2
BRDA:40,48,0,1
BRDA:40,49,0,0
BRDA:40,50,0,1
BRDA:40,51,0,0
BRDA:15,52,0,1
BRDA:16,53,0,2
BRDA:23,54,0,2
BRDA:40,55,0,2
BRDA:40,56,0,6
BRDA:24,57,0,2
BRDA:40,58,0,2
BRDA:26,59,0,1
BRDA:40,60,0,1
BRDA:40,61,0,1
BRF:62
BRH:42
end_of_record
TN:
SF:src/modules/users/services/ResetUserPasswordService.ts
FN:48,__decorate
FN:48,__metadata
FN:48,__param
FN:48,__awaiter
FN:48,adopt
FN:48,fulfilled
FN:48,rejected
FN:48,step
FN:48,__generator
FN:48,sent
FN:48,g.<computed>
FN:48,verb
FN:48,step
FN:48,__importDefault
FN:16,ResetUserPasswordService
FN:25,ResetUserPasswordService.execute
FNF:16
FNH:14
FNDA:1,__decorate
FNDA:1,__metadata
FNDA:3,__param
FNDA:4,__awaiter
FNDA:9,adopt
FNDA:9,fulfilled
FNDA:0,rejected
FNDA:10,step
FNDA:4,__generator
FNDA:9,sent
FNDA:0,g.<computed>
FNDA:12,verb
FNDA:13,step
FNDA:1,__importDefault
FNDA:4,ResetUserPasswordService
FNDA:4,ResetUserPasswordService.execute
DA:1,1
DA:2,1
DA:3,1
DA:4,1
DA:5,1
DA:6,1
DA:7,1
DA:8,1
DA:9,1
DA:10,1
DA:11,1
DA:12,1
DA:13,1
DA:14,1
DA:15,1
DA:16,1
DA:17,4
DA:18,4
DA:19,4
DA:20,4
DA:21,4
DA:22,4
DA:23,4
DA:24,1
DA:25,1
DA:26,4
DA:27,4
DA:28,4
DA:29,1
DA:30,1
DA:31,3
DA:32,3
DA:33,4
DA:34,4
DA:35,1
DA:36,1
DA:37,2
DA:38,2
DA:39,2
DA:40,4
DA:41,1
DA:42,1
DA:43,1
DA:44,1
DA:45,4
DA:46,4
DA:47,4
DA:48,1
LF:48
LH:48
BRDA:48,0,0,1
BRDA:48,1,0,1
BRDA:48,2,0,0
BRDA:48,3,0,0
BRDA:48,4,0,0
BRDA:48,5,0,0
BRDA:48,6,0,1
BRDA:48,7,0,3
BRDA:48,8,0,3
BRDA:48,9,0,4
BRDA:48,10,0,9
BRDA:48,11,0,0
BRDA:48,12,0,4
BRDA:48,13,0,9
BRDA:48,14,0,6
BRDA:48,15,0,3
BRDA:48,16,0,10
BRDA:48,17,0,1
BRDA:48,18,0,9
BRDA:48,19,0,4
BRDA:48,20,0,9
BRDA:48,21,0,0
BRDA:48,22,0,12
BRDA:48,23,0,13
BRDA:48,24,0,13
BRDA:48,25,0,0
BRDA:48,26,0,26
BRDA:48,27,0,0
BRDA:48,28,0,0
BRDA:48,29,0,0
BRDA:48,30,0,0
BRDA:48,31,0,13
BRDA:48,32,0,13
BRDA:48,33,0,9
BRDA:48,34,0,0
BRDA:48,35,0,0
BRDA:48,36,0,4
BRDA:48,37,0,0
BRDA:48,38,0,1
BRDA:48,39,0,0
BRDA:48,40,0,0
BRDA:48,41,0,0
BRDA:48,42,0,0
BRDA:48,43,0,13
BRDA:48,44,0,10
BRDA:48,45,0,3
BRDA:48,46,0,13
BRDA:48,47,0,4
BRDA:48,48,0,3
BRDA:48,49,0,1
BRDA:48,50,0,0
BRDA:48,51,0,1
BRDA:48,52,0,0
BRDA:15,53,0,1
BRDA:16,54,0,4
BRDA:25,55,0,4
BRDA:48,56,0,4
BRDA:48,57,0,13
BRDA:26,58,0,4
BRDA:48,59,0,4
BRDA:28,60,0,1
BRDA:30,61,0,3
BRDA:48,62,0,3
BRDA:34,63,0,1
BRDA:36,64,0,2
BRDA:40,65,0,1
BRDA:48,66,0,1
BRDA:48,67,0,1
BRF:68
BRH:48
end_of_record
TN:
SF:src/modules/users/services/SendForgotPasswordEmailService.ts
FN:54,__decorate
FN:54,__metadata
FN:54,__param
FN:54,__awaiter
FN:54,adopt
FN:54,fulfilled
FN:54,rejected
FN:54,step
FN:54,__generator
FN:54,sent
FN:54,g.<computed>
FN:54,verb
FN:54,step
FN:54,__importDefault
FN:14,SendForgotPasswordEmailService
FN:23,SendForgotPasswordEmailService.execute
FNF:16
FNH:14
FNDA:1,__decorate
FNDA:1,__metadata
FNDA:3,__param
FNDA:3,__awaiter
FNDA:7,adopt
FNDA:7,fulfilled
FNDA:0,rejected
FNDA:9,step
FNDA:3,__generator
FNDA:7,sent
FNDA:0,g.<computed>
FNDA:9,verb
FNDA:10,step
FNDA:2,__importDefault
FNDA:3,SendForgotPasswordEmailService
FNDA:3,SendForgotPasswordEmailService.execute
DA:1,1
DA:2,1
DA:3,1
DA:4,1
DA:5,1
DA:6,1
DA:7,1
DA:8,1
DA:9,1
DA:10,1
DA:11,1
DA:12,1
DA:13,1
DA:14,1
DA:15,3
DA:16,3
DA:17,3
DA:18,3
DA:19,3
DA:20,3
DA:21,3
DA:22,1
DA:23,1
DA:24,3
DA:25,3
DA:26,3
DA:27,1
DA:28,1
DA:29,2
DA:30,2
DA:31,3
DA:32,3
DA:33,3
DA:34,3
DA:35,3
DA:36,3
DA:37,3
DA:38,3
DA:39,3
DA:40,3
DA:41,3
DA:42,3
DA:43,3
DA:44,3
DA:45,3
DA:46,3
DA:47,3
DA:48,3
DA:49,3
DA:50,3
DA:51,3
DA:52,3
DA:53,3
DA:54,1
LF:54
LH:54
BRDA:54,0,0,1
BRDA:54,1,0,1
BRDA:54,2,0,0
BRDA:54,3,0,0
BRDA:54,4,0,0
BRDA:54,5,0,0
BRDA:54,6,0,1
BRDA:54,7,0,3
BRDA:54,8,0,3
BRDA:54,9,0,3
BRDA:54,10,0,7
BRDA:54,11,0,0
BRDA:54,12,0,3
BRDA:54,13,0,7
BRDA:54,14,0,6
BRDA:54,15,0,1
BRDA:54,16,0,9
BRDA:54,17,0,2
BRDA:54,18,0,7
BRDA:54,19,0,3
BRDA:54,20,0,7
BRDA:54,21,0,0
BRDA:54,22,0,9
BRDA:54,23,0,10
BRDA:54,24,0,10
BRDA:54,25,0,0
BRDA:54,26,0,20
BRDA:54,27,0,0
BRDA:54,28,0,0
BRDA:54,29,0,0
BRDA:54,30,0,0
BRDA:54,31,0,10
BRDA:54,32,0,10
BRDA:54,33,0,7
BRDA:54,34,0,0
BRDA:54,35,0,0
BRDA:54,36,0,3
BRDA:54,37,0,0
BRDA:54,38,0,2
BRDA:54,39,0,0
BRDA:54,40,0,0
BRDA:54,41,0,0
BRDA:54,42,0,0
BRDA:54,43,0,10
BRDA:54,44,0,9
BRDA:54,45,0,1
BRDA:54,46,0,10
BRDA:54,47,0,3
BRDA:54,48,0,1
BRDA:54,49,0,2
BRDA:54,50,0,0
BRDA:54,51,0,2
BRDA:54,52,0,1
BRDA:54,53,0,1
BRDA:13,54,0,1
BRDA:14,55,0,3
BRDA:23,56,0,3
BRDA:54,57,0,3
BRDA:54,58,0,10
BRDA:24,59,0,3
BRDA:54,60,0,3
BRDA:26,61,0,1
BRDA:28,62,0,2
BRDA:54,63,0,2
BRDA:54,64,0,2
BRF:65
BRH:46
end_of_record
TN:
SF:src/modules/users/services/ShowUserProfileService.ts
FN:26,__decorate
FN:26,__metadata
FN:26,__param
FN:26,__awaiter
FN:26,adopt
FN:26,fulfilled
FN:26,rejected
FN:26,step
FN:26,__generator
FN:26,sent
FN:26,g.<computed>
FN:26,verb
FN:26,step
FN:26,__importDefault
FN:12,ShowUserProfileService
FN:17,ShowUserProfileService.execute
FNF:16
FNH:14
FNDA:1,__decorate
FNDA:1,__metadata
FNDA:1,__param
FNDA:2,__awaiter
FNDA:2,adopt
FNDA:2,fulfilled
FNDA:0,rejected
FNDA:3,step
FNDA:2,__generator
FNDA:2,sent
FNDA:0,g.<computed>
FNDA:6,verb
FNDA:4,step
FNDA:1,__importDefault
FNDA:2,ShowUserProfileService
FNDA:2,ShowUserProfileService.execute
DA:1,1
DA:2,1
DA:3,1
DA:4,1
DA:5,1
DA:6,1
DA:7,1
DA:8,1
DA:9,1
DA:10,1
DA:11,1
DA:12,1
DA:13,2
DA:14,2
DA:15,2
DA:16,1
DA:17,1
DA:18,2
DA:19,2
DA:20,2
DA:21,1
DA:22,1
DA:23,1
DA:24,1
DA:25,2
DA:26,1
LF:26
LH:26
BRDA:26,0,0,1
BRDA:26,1,0,1
BRDA:26,2,0,0
BRDA:26,3,0,0
BRDA:26,4,0,0
BRDA:26,5,0,0
BRDA:26,6,0,1
BRDA:26,7,0,1
BRDA:26,8,0,1
BRDA:26,9,0,2
BRDA:26,10,0,2
BRDA:26,11,0,0
BRDA:26,12,0,2
BRDA:26,13,0,2
BRDA:26,14,0,1
BRDA:26,15,0,3
BRDA:26,16,0,1
BRDA:26,17,0,2
BRDA:26,18,0,2
BRDA:26,19,0,2
BRDA:26,20,0,0
BRDA:26,21,0,6
BRDA:26,22,0,4
BRDA:26,23,0,4
BRDA:26,24,0,0
BRDA:26,25,0,8
BRDA:26,26,0,0
BRDA:26,27,0,0
BRDA:26,28,0,0
BRDA:26,29,0,0
BRDA:26,30,0,4
BRDA:26,31,0,4
BRDA:26,32,0,2
BRDA:26,33,0,0
BRDA:26,34,0,0
BRDA:26,35,0,2
BRDA:26,36,0,0
BRDA:26,37,0,1
BRDA:26,38,0,0
BRDA:26,39,0,0
BRDA:26,40,0,0
BRDA:26,41,0,0
BRDA:26,42,0,4
BRDA:26,43,0,3
BRDA:26,44,0,1
BRDA:26,45,0,4
BRDA:26,46,0,2
BRDA:26,47,0,1
BRDA:26,48,0,0
BRDA:26,49,0,1
BRDA:26,50,0,0
BRDA:11,51,0,1
BRDA:12,52,0,2
BRDA:17,53,0,2
BRDA:26,54,0,2
BRDA:26,55,0,4
BRDA:18,56,0,2
BRDA:26,57,0,2
BRDA:20,58,0,1
BRF:59
BRH:39
end_of_record
TN:
SF:src/modules/users/services/UpdateUserAvatarService.ts
FN:42,__decorate
FN:42,__metadata
FN:42,__param
FN:42,__awaiter
FN:42,adopt
FN:42,fulfilled
FN:42,rejected
FN:42,step
FN:42,__generator
FN:42,sent
FN:42,g.<computed>
FN:42,verb
FN:42,step
FN:42,__importDefault
FN:14,UpdateUserAvatarService
FN:21,UpdateUserAvatarService.execute
FNF:16
FNH:14
FNDA:1,__decorate
FNDA:1,__metadata
FNDA:2,__param
FNDA:4,__awaiter
FNDA:11,adopt
FNDA:11,fulfilled
FNDA:0,rejected
FNDA:14,step
FNDA:4,__generator
FNDA:11,sent
FNDA:0,g.<computed>
FNDA:12,verb
FNDA:15,step
FNDA:1,__importDefault
FNDA:3,UpdateUserAvatarService
FNDA:4,UpdateUserAvatarService.execute
DA:1,1
DA:2,1
DA:3,1
DA:4,1
DA:5,1
DA:6,1
DA:7,1
DA:8,1
DA:9,1
DA:10,1
DA:11,1
DA:12,1
DA:13,1
DA:14,1
DA:15,3
DA:16,3
DA:17,3
DA:18,3
DA:19,3
DA:20,1
DA:21,1
DA:22,4
DA:23,4
DA:24,4
DA:25,1
DA:26,1
DA:27,1
DA:28,1
DA:29,3
DA:30,3
DA:31,1
DA:32,4
DA:33,4
DA:34,4
DA:35,4
DA:36,4
DA:37,4
DA:38,4
DA:39,4
DA:40,4
DA:41,4
DA:42,1
LF:42
LH:42
BRDA:42,0,0,1
BRDA:42,1,0,1
BRDA:42,2,0,0
BRDA:42,3,0,0
BRDA:42,4,0,0
BRDA:42,5,0,0
BRDA:42,6,0,1
BRDA:42,7,0,2
BRDA:42,8,0,2
BRDA:42,9,0,4
BRDA:42,10,0,11
BRDA:42,11,0,0
BRDA:42,12,0,4
BRDA:42,13,0,11
BRDA:42,14,0,10
BRDA:42,15,0,1
BRDA:42,16,0,14
BRDA:42,17,0,3
BRDA:42,18,0,11
BRDA:42,19,0,4
BRDA:42,20,0,11
BRDA:42,21,0,0
BRDA:42,22,0,12
BRDA:42,23,0,15
BRDA:42,24,0,15
BRDA:42,25,0,0
BRDA:42,26,0,32
BRDA:42,27,0,0
BRDA:42,28,0,0
BRDA:42,29,0,0
BRDA:42,30,0,0
BRDA:42,31,0,15
BRDA:42,32,0,15
BRDA:42,33,0,11
BRDA:42,34,0,0
BRDA:42,35,0,0
BRDA:42,36,0,6
BRDA:42,37,0,0
BRDA:42,38,0,5
BRDA:42,39,0,4
BRDA:42,40,0,2
BRDA:42,41,0,0
BRDA:42,42,0,2
BRDA:42,43,0,0
BRDA:42,44,0,0
BRDA:42,45,0,0
BRDA:42,46,0,17
BRDA:42,47,0,16
BRDA:42,48,0,1
BRDA:42,49,0,17
BRDA:42,50,0,4
BRDA:42,51,0,1
BRDA:42,52,0,3
BRDA:42,53,0,0
BRDA:42,54,0,1
BRDA:42,55,0,0
BRDA:13,56,0,1
BRDA:14,57,0,3
BRDA:21,58,0,4
BRDA:42,59,0,4
BRDA:42,60,0,17
BRDA:22,61,0,4
BRDA:42,62,0,4
BRDA:24,63,0,1
BRDA:28,64,0,3
BRDA:30,65,0,2
BRDA:30,66,0,1
BRDA:42,67,0,1
BRDA:34,68,0,3
BRDA:42,69,0,3
BRDA:42,70,0,3
BRF:71
BRH:51
end_of_record
TN:
SF:src/modules/users/services/UpdateUserService.ts
FN:69,__decorate
FN:69,__metadata
FN:69,__param
FN:69,__awaiter
FN:69,adopt
FN:69,fulfilled
FN:69,rejected
FN:69,step
FN:69,__generator
FN:69,sent
FN:69,g.<computed>
FN:69,verb
FN:69,step
FN:69,__importDefault
FN:17,UpdateUserService
FN:24,UpdateUserService.execute
FNF:16
FNH:14
FNDA:1,__decorate
FNDA:1,__metadata
FNDA:2,__param
FNDA:6,__awaiter
FNDA:14,adopt
FNDA:14,fulfilled
FNDA:0,rejected
FNDA:16,step
FNDA:6,__generator
FNDA:14,sent
FNDA:0,g.<computed>
FNDA:18,verb
FNDA:20,step
FNDA:1,__importDefault
FNDA:6,UpdateUserService
FNDA:6,UpdateUserService.execute
DA:1,1
DA:2,1
DA:3,1
DA:4,1
DA:5,1
DA:6,1
DA:7,1
DA:8,1
DA:9,1
DA:10,1
DA:11,1
DA:12,1
DA:13,1
DA:14,1
DA:15,1
DA:16,1
DA:17,1
DA:18,6
DA:19,6
DA:20,6
DA:21,6
DA:22,6
DA:23,1
DA:24,1
DA:25,6
DA:26,6
DA:27,6
DA:28,6
DA:29,6
DA:30,6
DA:31,6
DA:32,6
DA:33,6
DA:34,1
DA:35,1
DA:36,5
DA:37,5
DA:38,6
DA:39,6
DA:40,6
DA:41,6
DA:42,1
DA:43,1
DA:44,4
DA:45,4
DA:46,4
DA:47,4
DA:48,6
DA:49,1
DA:50,1
DA:51,1
DA:52,1
DA:53,3
DA:54,6
DA:55,2
DA:56,2
DA:57,2
DA:58,2
DA:59,6
DA:60,6
DA:61,1
DA:62,1
DA:63,1
DA:64,1
DA:65,6
DA:66,6
DA:67,6
DA:68,6
DA:69,1
LF:69
LH:69
BRDA:69,0,0,1
BRDA:69,1,0,1
BRDA:69,2,0,0
BRDA:69,3,0,0
BRDA:69,4,0,0
BRDA:69,5,0,0
BRDA:69,6,0,1
BRDA:69,7,0,2
BRDA:69,8,0,2
BRDA:69,9,0,6
BRDA:69,10,0,14
BRDA:69,11,0,0
BRDA:69,12,0,6
BRDA:69,13,0,14
BRDA:69,14,0,10
BRDA:69,15,0,4
BRDA:69,16,0,16
BRDA:69,17,0,2
BRDA:69,18,0,14
BRDA:69,19,0,6
BRDA:69,20,0,14
BRDA:69,21,0,0
BRDA:69,22,0,18
BRDA:69,23,0,20
BRDA:69,24,0,20
BRDA:69,25,0,0
BRDA:69,26,0,41
BRDA:69,27,0,0
BRDA:69,28,0,0
BRDA:69,29,0,0
BRDA:69,30,0,0
BRDA:69,31,0,20
BRDA:69,32,0,20
BRDA:69,33,0,14
BRDA:69,34,0,0
BRDA:69,35,0,0
BRDA:69,36,0,7
BRDA:69,37,0,0
BRDA:69,38,0,3
BRDA:69,39,0,6
BRDA:69,40,0,1
BRDA:69,41,0,0
BRDA:69,42,0,1
BRDA:69,43,0,0
BRDA:69,44,0,0
BRDA:69,45,0,0
BRDA:69,46,0,21
BRDA:69,47,0,17
BRDA:69,48,0,4
BRDA:69,49,0,21
BRDA:69,50,0,6
BRDA:69,51,0,4
BRDA:69,52,0,2
BRDA:69,53,0,0
BRDA:69,54,0,1
BRDA:69,55,0,0
BRDA:16,56,0,1
BRDA:17,57,0,6
BRDA:24,58,0,6
BRDA:69,59,0,6
BRDA:69,60,0,21
BRDA:31,61,0,6
BRDA:69,62,0,6
BRDA:33,63,0,1
BRDA:35,64,0,5
BRDA:69,65,0,5
BRDA:41,66,0,1
BRDA:43,67,0,4
BRDA:48,68,0,3
BRDA:48,69,0,1
BRDA:52,70,0,3
BRDA:54,71,0,2
BRDA:54,72,0,1
BRDA:54,73,0,2
BRDA:69,74,0,2
BRDA:60,75,0,1
BRDA:69,76,0,1
BRDA:67,77,0,2
BRF:78
BRH:58
end_of_record
